0 info it worked if it ends with ok
1 verbose cli [ '/usr/local/bin/node', '/usr/local/bin/npm', 'run', 'gulp' ]
2 info using npm@3.10.10
3 info using node@v6.9.4
4 verbose run-script [ 'pregulp', 'gulp', 'postgulp' ]
5 info lifecycle ollo-child@1.0.0~pregulp: ollo-child@1.0.0
6 silly lifecycle ollo-child@1.0.0~pregulp: no script for pregulp, continuing
7 info lifecycle ollo-child@1.0.0~gulp: ollo-child@1.0.0
8 verbose lifecycle ollo-child@1.0.0~gulp: unsafe-perm in lifecycle true
9 verbose lifecycle ollo-child@1.0.0~gulp: PATH: /usr/local/lib/node_modules/npm/bin/node-gyp-bin:/Applications/MAMP/htdocs/ecotrust-NWF/WordPress/wp-content/themes/ollo-child/node_modules/.bin:/Users/ianjwhitmore/Downloads/google-cloud-sdk/bin:/usr/local/bin:/usr/bin:/bin:/usr/sbin:/sbin:/Applications/Postgres.app/Contents/Versions/latest/bin
10 verbose lifecycle ollo-child@1.0.0~gulp: CWD: /Applications/MAMP/htdocs/ecotrust-NWF/WordPress/wp-content/themes/ollo-child
11 silly lifecycle ollo-child@1.0.0~gulp: Args: [ '-c', 'gulp' ]
12 silly lifecycle ollo-child@1.0.0~gulp: Returned: code: 1  signal: null
13 info lifecycle ollo-child@1.0.0~gulp: Failed to exec gulp script
14 verbose stack Error: ollo-child@1.0.0 gulp: `gulp`
14 verbose stack Exit status 1
14 verbose stack     at EventEmitter.<anonymous> (/usr/local/lib/node_modules/npm/lib/utils/lifecycle.js:255:16)
14 verbose stack     at emitTwo (events.js:106:13)
14 verbose stack     at EventEmitter.emit (events.js:191:7)
14 verbose stack     at ChildProcess.<anonymous> (/usr/local/lib/node_modules/npm/lib/utils/spawn.js:40:14)
14 verbose stack     at emitTwo (events.js:106:13)
14 verbose stack     at ChildProcess.emit (events.js:191:7)
14 verbose stack     at maybeClose (internal/child_process.js:877:16)
14 verbose stack     at Process.ChildProcess._handle.onexit (internal/child_process.js:226:5)
15 verbose pkgid ollo-child@1.0.0
16 verbose cwd /Applications/MAMP/htdocs/ecotrust-NWF/WordPress/wp-content/themes/ollo-child
17 error Darwin 16.7.0
18 error argv "/usr/local/bin/node" "/usr/local/bin/npm" "run" "gulp"
19 error node v6.9.4
20 error npm  v3.10.10
21 error code ELIFECYCLE
22 error ollo-child@1.0.0 gulp: `gulp`
22 error Exit status 1
23 error Failed at the ollo-child@1.0.0 gulp script 'gulp'.
23 error Make sure you have the latest version of node.js and npm installed.
23 error If you do, this is most likely a problem with the ollo-child package,
23 error not with npm itself.
23 error Tell the author that this fails on your system:
23 error     gulp
23 error You can get information on how to open an issue for this project with:
23 error     npm bugs ollo-child
23 error Or if that isn't available, you can get their info via:
23 error     npm owner ls ollo-child
23 error There is likely additional logging output above.
24 verbose exit [ 1, true ]
